# JRE version: OpenJDK Runtime Environment (7.0_95) (build 1.7.0_95-b00)
# Java VM: OpenJDK 64-Bit Server VM (24.95-b01 mixed mode linux-amd64 compressed oops)
Heap
 PSYoungGen      total 297984K, used 129047K [0x00000000eaa80000, 0x0000000100000000, 0x0000000100000000)
  eden space 246272K, 49% used [0x00000000eaa80000,0x00000000f219f348,0x00000000f9b00000)
  from space 51712K, 13% used [0x00000000f9b00000,0x00000000fa1e6ba0,0x00000000fcd80000)
  to   space 50688K, 0% used [0x00000000fce80000,0x00000000fce80000,0x0000000100000000)
 ParOldGen       total 169984K, used 51214K [0x00000000c0000000, 0x00000000ca600000, 0x00000000eaa80000)
  object space 169984K, 30% used [0x00000000c0000000,0x00000000c3203b68,0x00000000ca600000)
 PSPermGen       total 99840K, used 51855K [0x00000000b0000000, 0x00000000b6180000, 0x00000000c0000000)
  object space 99840K, 51% used [0x00000000b0000000,0x00000000b32a3f68,0x00000000b6180000)
GC Heap History (10 events):
Event: 8.619 GC heap before
{Heap before GC invocations=6 (full 0):
 PSYoungGen      total 139264K, used 139256K [0x00000000eaa80000, 0x00000000fca80000, 0x0000000100000000)
  eden space 129024K, 100% used [0x00000000eaa80000,0x00000000f2880000,0x00000000f2880000)
  from space 10240K, 99% used [0x00000000f2880000,0x00000000f327e110,0x00000000f3280000)
  to   space 18432K, 0% used [0x00000000fb880000,0x00000000fb880000,0x00000000fca80000)
 ParOldGen       total 169984K, used 9319K [0x00000000c0000000, 0x00000000ca600000, 0x00000000eaa80000)
  object space 169984K, 5% used [0x00000000c0000000,0x00000000c0919c18,0x00000000ca600000)
 PSPermGen       total 35840K, used 35829K [0x00000000b0000000, 0x00000000b2300000, 0x00000000c0000000)
  object space 35840K, 99% used [0x00000000b0000000,0x00000000b22fd660,0x00000000b2300000)
Event: 8.646 GC heap after
Heap after GC invocations=6 (full 0):
 PSYoungGen      total 268288K, used 18402K [0x00000000eaa80000, 0x00000000fda80000, 0x0000000100000000)
  eden space 249856K, 0% used [0x00000000eaa80000,0x00000000eaa80000,0x00000000f9e80000)
  from space 18432K, 99% used [0x00000000fb880000,0x00000000fca78990,0x00000000fca80000)
  to   space 26624K, 0% used [0x00000000f9e80000,0x00000000f9e80000,0x00000000fb880000)
 ParOldGen       total 169984K, used 18044K [0x00000000c0000000, 0x00000000ca600000, 0x00000000eaa80000)
  object space 169984K, 10% used [0x00000000c0000000,0x00000000c119f080,0x00000000ca600000)
 PSPermGen       total 35840K, used 35829K [0x00000000b0000000, 0x00000000b2300000, 0x00000000c0000000)
  object space 35840K, 99% used [0x00000000b0000000,0x00000000b22fd660,0x00000000b2300000)
}
Event: 11.030 GC heap before
{Heap before GC invocations=7 (full 0):
 PSYoungGen      total 268288K, used 268258K [0x00000000eaa80000, 0x00000000fda80000, 0x0000000100000000)
  eden space 249856K, 100% used [0x00000000eaa80000,0x00000000f9e80000,0x00000000f9e80000)
  from space 18432K, 99% used [0x00000000fb880000,0x00000000fca78990,0x00000000fca80000)
  to   space 26624K, 0% used [0x00000000f9e80000,0x00000000f9e80000,0x00000000fb880000)
 ParOldGen       total 169984K, used 18044K [0x00000000c0000000, 0x00000000ca600000, 0x00000000eaa80000)
  object space 169984K, 10% used [0x00000000c0000000,0x00000000c119f080,0x00000000ca600000)
 PSPermGen       total 46592K, used 46383K [0x00000000b0000000, 0x00000000b2d80000, 0x00000000c0000000)
  object space 46592K, 99% used [0x00000000b0000000,0x00000000b2d4bc88,0x00000000b2d80000)
Event: 11.069 GC heap after
Heap after GC invocations=7 (full 0):
 PSYoungGen      total 276480K, used 26605K [0x00000000eaa80000, 0x0000000100000000, 0x0000000100000000)
  eden space 249856K, 0% used [0x00000000eaa80000,0x00000000eaa80000,0x00000000f9e80000)
  from space 26624K, 99% used [0x00000000f9e80000,0x00000000fb87b540,0x00000000fb880000)
  to   space 41984K, 0% used [0x00000000fd700000,0x00000000fd700000,0x0000000100000000)
 ParOldGen       total 169984K, used 38632K [0x00000000c0000000, 0x00000000ca600000, 0x00000000eaa80000)
  object space 169984K, 22% used [0x00000000c0000000,0x00000000c25ba3a8,0x00000000ca600000)
 PSPermGen       total 46592K, used 46383K [0x00000000b0000000, 0x00000000b2d80000, 0x00000000c0000000)
  object space 46592K, 99% used [0x00000000b0000000,0x00000000b2d4bc88,0x00000000b2d80000)
}
Event: 32.191 GC heap before
{Heap before GC invocations=8 (full 0):
 PSYoungGen      total 276480K, used 210315K [0x00000000eaa80000, 0x0000000100000000, 0x0000000100000000)
  eden space 249856K, 73% used [0x00000000eaa80000,0x00000000f5de78d0,0x00000000f9e80000)
  from space 26624K, 99% used [0x00000000f9e80000,0x00000000fb87b540,0x00000000fb880000)
  to   space 41984K, 0% used [0x00000000fd700000,0x00000000fd700000,0x0000000100000000)
 ParOldGen       total 169984K, used 38632K [0x00000000c0000000, 0x00000000ca600000, 0x00000000eaa80000)
  object space 169984K, 22% used [0x00000000c0000000,0x00000000c25ba3a8,0x00000000ca600000)
 PSPermGen       total 50176K, used 50056K [0x00000000b0000000, 0x00000000b3100000, 0x00000000c0000000)
  object space 50176K, 99% used [0x00000000b0000000,0x00000000b30e2068,0x00000000b3100000)
Event: 32.232 GC heap after
Heap after GC invocations=8 (full 0):
 PSYoungGen      total 288256K, used 41952K [0x00000000eaa80000, 0x0000000100000000, 0x0000000100000000)
  eden space 246272K, 0% used [0x00000000eaa80000,0x00000000eaa80000,0x00000000f9b00000)
  from space 41984K, 99% used [0x00000000fd700000,0x00000000ffff82c8,0x0000000100000000)
  to   space 51712K, 0% used [0x00000000f9b00000,0x00000000f9b00000,0x00000000fcd80000)
 ParOldGen       total 169984K, used 42577K [0x00000000c0000000, 0x00000000ca600000, 0x00000000eaa80000)
  object space 169984K, 25% used [0x00000000c0000000,0x00000000c2994790,0x00000000ca600000)
 PSPermGen       total 50176K, used 50056K [0x00000000b0000000, 0x00000000b3100000, 0x00000000c0000000)
  object space 50176K, 99% used [0x00000000b0000000,0x00000000b30e2068,0x00000000b3100000)
}
Event: 32.232 GC heap before
{Heap before GC invocations=9 (full 1):
 PSYoungGen      total 288256K, used 41952K [0x00000000eaa80000, 0x0000000100000000, 0x0000000100000000)
  eden space 246272K, 0% used [0x00000000eaa80000,0x00000000eaa80000,0x00000000f9b00000)
  from space 41984K, 99% used [0x00000000fd700000,0x00000000ffff82c8,0x0000000100000000)
  to   space 51712K, 0% used [0x00000000f9b00000,0x00000000f9b00000,0x00000000fcd80000)
 ParOldGen       total 169984K, used 42577K [0x00000000c0000000, 0x00000000ca600000, 0x00000000eaa80000)
  object space 169984K, 25% used [0x00000000c0000000,0x00000000c2994790,0x00000000ca600000)
 PSPermGen       total 50176K, used 50056K [0x00000000b0000000, 0x00000000b3100000, 0x00000000c0000000)
  object space 50176K, 99% used [0x00000000b0000000,0x00000000b30e2068,0x00000000b3100000)
Event: 32.445 GC heap after
Heap after GC invocations=9 (full 1):
 PSYoungGen      total 288256K, used 0K [0x00000000eaa80000, 0x0000000100000000, 0x0000000100000000)
  eden space 246272K, 0% used [0x00000000eaa80000,0x00000000eaa80000,0x00000000f9b00000)
  from space 41984K, 0% used [0x00000000fd700000,0x00000000fd700000,0x0000000100000000)
  to   space 51712K, 0% used [0x00000000f9b00000,0x00000000f9b00000,0x00000000fcd80000)
 ParOldGen       total 169984K, used 51214K [0x00000000c0000000, 0x00000000ca600000, 0x00000000eaa80000)
  object space 169984K, 30% used [0x00000000c0000000,0x00000000c3203b68,0x00000000ca600000)
 PSPermGen       total 99840K, used 49691K [0x00000000b0000000, 0x00000000b6180000, 0x00000000c0000000)
  object space 99840K, 49% used [0x00000000b0000000,0x00000000b3086fb8,0x00000000b6180000)
}
Event: 190.140 GC heap before
{Heap before GC invocations=10 (full 1):
 PSYoungGen      total 288256K, used 246272K [0x00000000eaa80000, 0x0000000100000000, 0x0000000100000000)
  eden space 246272K, 100% used [0x00000000eaa80000,0x00000000f9b00000,0x00000000f9b00000)
  from space 41984K, 0% used [0x00000000fd700000,0x00000000fd700000,0x0000000100000000)
  to   space 51712K, 0% used [0x00000000f9b00000,0x00000000f9b00000,0x00000000fcd80000)
 ParOldGen       total 169984K, used 51214K [0x00000000c0000000, 0x00000000ca600000, 0x00000000eaa80000)
  object space 169984K, 30% used [0x00000000c0000000,0x00000000c3203b68,0x00000000ca600000)
 PSPermGen       total 99840K, used 51091K [0x00000000b0000000, 0x00000000b6180000, 0x00000000c0000000)
  object space 99840K, 51% used [0x00000000b0000000,0x00000000b31e4e88,0x00000000b6180000)
Event: 190.147 GC heap after
Heap after GC invocations=10 (full 1):
 PSYoungGen      total 297984K, used 7066K [0x00000000eaa80000, 0x0000000100000000, 0x0000000100000000)
  eden space 246272K, 0% used [0x00000000eaa80000,0x00000000eaa80000,0x00000000f9b00000)
  from space 51712K, 13% used [0x00000000f9b00000,0x00000000fa1e6ba0,0x00000000fcd80000)
  to   space 50688K, 0% used [0x00000000fce80000,0x00000000fce80000,0x0000000100000000)
 ParOldGen       total 169984K, used 51214K [0x00000000c0000000, 0x00000000ca600000, 0x00000000eaa80000)
  object space 169984K, 30% used [0x00000000c0000000,0x00000000c3203b68,0x00000000ca600000)
 PSPermGen       total 99840K, used 51091K [0x00000000b0000000, 0x00000000b6180000, 0x00000000c0000000)
  object space 99840K, 51% used [0x00000000b0000000,0x00000000b31e4e88,0x00000000b6180000)
}

