# JRE version: OpenJDK Runtime Environment (7.0_95) (build 1.7.0_95-b00)
# Java VM: OpenJDK 64-Bit Server VM (24.95-b01 mixed mode linux-amd64 compressed oops)
Heap
 PSYoungGen      total 177152K, used 43521K [0x00000000eaa80000, 0x00000000f8880000, 0x0000000100000000)
  eden space 158720K, 21% used [0x00000000eaa80000,0x00000000ecc18b00,0x00000000f4580000)
  from space 18432K, 49% used [0x00000000f4580000,0x00000000f4e67a78,0x00000000f5780000)
  to   space 18432K, 0% used [0x00000000f7680000,0x00000000f7680000,0x00000000f8880000)
 ParOldGen       total 169984K, used 150249K [0x00000000c0000000, 0x00000000ca600000, 0x00000000eaa80000)
  object space 169984K, 88% used [0x00000000c0000000,0x00000000c92ba7b8,0x00000000ca600000)
 PSPermGen       total 88576K, used 79291K [0x00000000b0000000, 0x00000000b5680000, 0x00000000c0000000)
  object space 88576K, 89% used [0x00000000b0000000,0x00000000b4d6ef10,0x00000000b5680000)
GC Heap History (10 events):
Event: 16641.493 GC heap before
{Heap before GC invocations=128 (full 21):
 PSYoungGen      total 155648K, used 1519K [0x00000000eaa80000, 0x00000000f7880000, 0x0000000100000000)
  eden space 154112K, 0% used [0x00000000eaa80000,0x00000000eaa80000,0x00000000f4100000)
  from space 1536K, 98% used [0x00000000f5600000,0x00000000f577bf40,0x00000000f5780000)
  to   space 17920K, 0% used [0x00000000f6700000,0x00000000f6700000,0x00000000f7880000)
 ParOldGen       total 169984K, used 141277K [0x00000000c0000000, 0x00000000ca600000, 0x00000000eaa80000)
  object space 169984K, 83% used [0x00000000c0000000,0x00000000c89f76c8,0x00000000ca600000)
 PSPermGen       total 88576K, used 77501K [0x00000000b0000000, 0x00000000b5680000, 0x00000000c0000000)
  object space 88576K, 87% used [0x00000000b0000000,0x00000000b4baf658,0x00000000b5680000)
Event: 16641.907 GC heap after
Heap after GC invocations=128 (full 21):
 PSYoungGen      total 155648K, used 0K [0x00000000eaa80000, 0x00000000f7880000, 0x0000000100000000)
  eden space 154112K, 0% used [0x00000000eaa80000,0x00000000eaa80000,0x00000000f4100000)
  from space 1536K, 0% used [0x00000000f5600000,0x00000000f5600000,0x00000000f5780000)
  to   space 17920K, 0% used [0x00000000f6700000,0x00000000f6700000,0x00000000f7880000)
 ParOldGen       total 169984K, used 141012K [0x00000000c0000000, 0x00000000ca600000, 0x00000000eaa80000)
  object space 169984K, 82% used [0x00000000c0000000,0x00000000c89b51d0,0x00000000ca600000)
 PSPermGen       total 88576K, used 77181K [0x00000000b0000000, 0x00000000b5680000, 0x00000000c0000000)
  object space 88576K, 87% used [0x00000000b0000000,0x00000000b4b5f7f8,0x00000000b5680000)
}
Event: 16688.493 GC heap before
{Heap before GC invocations=129 (full 21):
 PSYoungGen      total 155648K, used 154112K [0x00000000eaa80000, 0x00000000f7880000, 0x0000000100000000)
  eden space 154112K, 100% used [0x00000000eaa80000,0x00000000f4100000,0x00000000f4100000)
  from space 1536K, 0% used [0x00000000f5600000,0x00000000f5600000,0x00000000f5780000)
  to   space 17920K, 0% used [0x00000000f6700000,0x00000000f6700000,0x00000000f7880000)
 ParOldGen       total 169984K, used 141012K [0x00000000c0000000, 0x00000000ca600000, 0x00000000eaa80000)
  object space 169984K, 82% used [0x00000000c0000000,0x00000000c89b51d0,0x00000000ca600000)
 PSPermGen       total 88576K, used 77366K [0x00000000b0000000, 0x00000000b5680000, 0x00000000c0000000)
  object space 88576K, 87% used [0x00000000b0000000,0x00000000b4b8da00,0x00000000b5680000)
Event: 16688.497 GC heap after
Heap after GC invocations=129 (full 21):
 PSYoungGen      total 151552K, used 2368K [0x00000000eaa80000, 0x00000000f6980000, 0x0000000100000000)
  eden space 148992K, 0% used [0x00000000eaa80000,0x00000000eaa80000,0x00000000f3c00000)
  from space 2560K, 92% used [0x00000000f6700000,0x00000000f6950020,0x00000000f6980000)
  to   space 17408K, 0% used [0x00000000f4780000,0x00000000f4780000,0x00000000f5880000)
 ParOldGen       total 169984K, used 141012K [0x00000000c0000000, 0x00000000ca600000, 0x00000000eaa80000)
  object space 169984K, 82% used [0x00000000c0000000,0x00000000c89b51d0,0x00000000ca600000)
 PSPermGen       total 88576K, used 77366K [0x00000000b0000000, 0x00000000b5680000, 0x00000000c0000000)
  object space 88576K, 87% used [0x00000000b0000000,0x00000000b4b8da00,0x00000000b5680000)
}
Event: 16689.444 GC heap before
{Heap before GC invocations=130 (full 21):
 PSYoungGen      total 151552K, used 151360K [0x00000000eaa80000, 0x00000000f6980000, 0x0000000100000000)
  eden space 148992K, 100% used [0x00000000eaa80000,0x00000000f3c00000,0x00000000f3c00000)
  from space 2560K, 92% used [0x00000000f6700000,0x00000000f6950020,0x00000000f6980000)
  to   space 17408K, 0% used [0x00000000f4780000,0x00000000f4780000,0x00000000f5880000)
 ParOldGen       total 169984K, used 141012K [0x00000000c0000000, 0x00000000ca600000, 0x00000000eaa80000)
  object space 169984K, 82% used [0x00000000c0000000,0x00000000c89b51d0,0x00000000ca600000)
 PSPermGen       total 88576K, used 77908K [0x00000000b0000000, 0x00000000b5680000, 0x00000000c0000000)
  object space 88576K, 87% used [0x00000000b0000000,0x00000000b4c15200,0x00000000b5680000)
Event: 16689.453 GC heap after
Heap after GC invocations=130 (full 21):
 PSYoungGen      total 149504K, used 5324K [0x00000000eaa80000, 0x00000000f6780000, 0x0000000100000000)
  eden space 143872K, 0% used [0x00000000eaa80000,0x00000000eaa80000,0x00000000f3700000)
  from space 5632K, 94% used [0x00000000f4780000,0x00000000f4cb3218,0x00000000f4d00000)
  to   space 16384K, 0% used [0x00000000f5780000,0x00000000f5780000,0x00000000f6780000)
 ParOldGen       total 169984K, used 142200K [0x00000000c0000000, 0x00000000ca600000, 0x00000000eaa80000)
  object space 169984K, 83% used [0x00000000c0000000,0x00000000c8ade270,0x00000000ca600000)
 PSPermGen       total 88576K, used 77908K [0x00000000b0000000, 0x00000000b5680000, 0x00000000c0000000)
  object space 88576K, 87% used [0x00000000b0000000,0x00000000b4c15200,0x00000000b5680000)
}
Event: 16690.153 GC heap before
{Heap before GC invocations=131 (full 21):
 PSYoungGen      total 149504K, used 149196K [0x00000000eaa80000, 0x00000000f6780000, 0x0000000100000000)
  eden space 143872K, 100% used [0x00000000eaa80000,0x00000000f3700000,0x00000000f3700000)
  from space 5632K, 94% used [0x00000000f4780000,0x00000000f4cb3218,0x00000000f4d00000)
  to   space 16384K, 0% used [0x00000000f5780000,0x00000000f5780000,0x00000000f6780000)
 ParOldGen       total 169984K, used 142200K [0x00000000c0000000, 0x00000000ca600000, 0x00000000eaa80000)
  object space 169984K, 83% used [0x00000000c0000000,0x00000000c8ade270,0x00000000ca600000)
 PSPermGen       total 88576K, used 78404K [0x00000000b0000000, 0x00000000b5680000, 0x00000000c0000000)
  object space 88576K, 88% used [0x00000000b0000000,0x00000000b4c912c0,0x00000000b5680000)
Event: 16690.187 GC heap after
Heap after GC invocations=131 (full 21):
 PSYoungGen      total 175104K, used 14356K [0x00000000eaa80000, 0x00000000f7780000, 0x0000000100000000)
  eden space 158720K, 0% used [0x00000000eaa80000,0x00000000eaa80000,0x00000000f4580000)
  from space 16384K, 87% used [0x00000000f5780000,0x00000000f6585030,0x00000000f6780000)
  to   space 18432K, 0% used [0x00000000f4580000,0x00000000f4580000,0x00000000f5780000)
 ParOldGen       total 169984K, used 146853K [0x00000000c0000000, 0x00000000ca600000, 0x00000000eaa80000)
  object space 169984K, 86% used [0x00000000c0000000,0x00000000c8f69718,0x00000000ca600000)
 PSPermGen       total 88576K, used 78404K [0x00000000b0000000, 0x00000000b5680000, 0x00000000c0000000)
  object space 88576K, 88% used [0x00000000b0000000,0x00000000b4c912c0,0x00000000b5680000)
}
Event: 16764.281 GC heap before
{Heap before GC invocations=132 (full 21):
 PSYoungGen      total 175104K, used 173076K [0x00000000eaa80000, 0x00000000f7780000, 0x0000000100000000)
  eden space 158720K, 100% used [0x00000000eaa80000,0x00000000f4580000,0x00000000f4580000)
  from space 16384K, 87% used [0x00000000f5780000,0x00000000f6585030,0x00000000f6780000)
  to   space 18432K, 0% used [0x00000000f4580000,0x00000000f4580000,0x00000000f5780000)
 ParOldGen       total 169984K, used 146853K [0x00000000c0000000, 0x00000000ca600000, 0x00000000eaa80000)
  object space 169984K, 86% used [0x00000000c0000000,0x00000000c8f69718,0x00000000ca600000)
 PSPermGen       total 88576K, used 78798K [0x00000000b0000000, 0x00000000b5680000, 0x00000000c0000000)
  object space 88576K, 88% used [0x00000000b0000000,0x00000000b4cf39a0,0x00000000b5680000)
Event: 16764.292 GC heap after
Heap after GC invocations=132 (full 21):
 PSYoungGen      total 177152K, used 9118K [0x00000000eaa80000, 0x00000000f8880000, 0x0000000100000000)
  eden space 158720K, 0% used [0x00000000eaa80000,0x00000000eaa80000,0x00000000f4580000)
  from space 18432K, 49% used [0x00000000f4580000,0x00000000f4e67a78,0x00000000f5780000)
  to   space 18432K, 0% used [0x00000000f7680000,0x00000000f7680000,0x00000000f8880000)
 ParOldGen       total 169984K, used 150249K [0x00000000c0000000, 0x00000000ca600000, 0x00000000eaa80000)
  object space 169984K, 88% used [0x00000000c0000000,0x00000000c92ba7b8,0x00000000ca600000)
 PSPermGen       total 88576K, used 78798K [0x00000000b0000000, 0x00000000b5680000, 0x00000000c0000000)
  object space 88576K, 88% used [0x00000000b0000000,0x00000000b4cf39a0,0x00000000b5680000)
}

